16:42:21 **** Incremental Build of configuration Debug for project Embedded_SW_Project ****
make --output-sync -j4 all 
Building file: ../Cpu0_Main.c
Invoking: TASKING C/C++ Compiler
cctc -D__CPU__=tc27xd "-fC:/Users/user/Desktop/Hyundai/SWIP/08._Embedded_MCU_Programming/Embedded_SW_Project/Debug/TASKING_C_C___Compiler-Include_paths.opt" --iso=99 --c++14 --language=+volatile --exceptions --anachronisms --fp-model=3 -O0 --tradeoff=4 --compact-max-size=200 -g -Wc-w544 -Wc-w557 -Ctc27xd -o "Cpu0_Main.src"  "../Cpu0_Main.c"  -cs --dep-file="Cpu0_Main.d" --misrac-version=2012 -N0 -Z0 -Y0 2>&1;
TASKING VX-toolset for AURIX Development Studio (non-commercial): control program v1.1r8 Build 21111057
ctc W504: ["..\my_lib.h" 19/9] macro "SCU_WDTSCON0" redefined
ctc I801: ["C:\\Users\\user\\Desktop\\Hyundai\\SWIP\\08._Embedded_MCU_Programming\\Embedded_SW_Project\\Libraries\\Infra\\Sfr\\TC27D\\_Reg\IfxScu_reg.h" 430/9] previous definition of macro "SCU_WDTSCON0"
ctc W504: ["..\my_lib.h" 21/9] macro "SCU_EICR2" redefined
ctc I801: ["C:\\Users\\user\\Desktop\\Hyundai\\SWIP\\08._Embedded_MCU_Programming\\Embedded_SW_Project\\Libraries\\Infra\\Sfr\\TC27D\\_Reg\IfxScu_reg.h" 122/9] previous definition of macro "SCU_EICR2"
ctc W504: ["..\my_lib.h" 22/9] macro "SCU_IGCR0" redefined
ctc I801: ["C:\\Users\\user\\Desktop\\Hyundai\\SWIP\\08._Embedded_MCU_Programming\\Embedded_SW_Project\\Libraries\\Infra\\Sfr\\TC27D\\_Reg\IfxScu_reg.h" 215/9] previous definition of macro "SCU_IGCR0"
ctc W504: ["..\my_lib.h" 37/9] macro "SRC_SCUERU0" redefined
ctc I801: ["C:\\Users\\user\\Desktop\\Hyundai\\SWIP\\08._Embedded_MCU_Programming\\Embedded_SW_Project\\Libraries\\Infra\\Sfr\\TC27D\\_Reg\IfxSrc_reg.h" 3249/9] previous definition of macro "SRC_SCUERU0"
0 errors, 4 warnings
Finished building: ../Cpu0_Main.c
 
Building file: Cpu0_Main.src
TASKING VX-toolset for AURIX Development Studio (non-commercial): assembler v1.1r8 Build 21111057
Invoking: TASKING Assembler
astc -Og -Os --no-warnings= --error-limit=42 -o  "Cpu0_Main.o" "Cpu0_Main.src" --list-format=L1 --optimize=gs
Finished building: Cpu0_Main.src
 
Building target: Embedded_SW_Project.elf
TASKING VX-toolset for AURIX Development Studio (non-commercial): control program v1.1r8 Build 21111057
Invoking: TASKING Linker
cctc -lrt -lfp_fpu -lcs_fpu  -Wl-Oc -Wl-OL -Wl-Ot -Wl-Ox -Wl-Oy -Wl--map-file="Embedded_SW_Project.map" -Wl-mc -Wl-mf -Wl-mi -Wl-mk -Wl-ml -Wl-mm -Wl-md -Wl-mr -Wl-mu --no-warnings= -Wl--error-limit=42 --exceptions --strict --anachronisms --force-c++ -Ctc27xd   -o"Embedded_SW_Project.elf" -Wl-o"Embedded_SW_Project.hex:IHEX" --lsl-core=vtc  --lsl-file=../Lcf_Tasking_Tricore_Tc.lsl  ./Libraries/iLLD/TC27D/Tricore/_PinMap/IfxAsclin_PinMap.o ./Libraries/iLLD/TC27D/Tricore/_PinMap/IfxCcu6_PinMap.o ./Libraries/iLLD/TC27D/Tricore/_PinMap/IfxCif_PinMap.o ./Libraries/iLLD/TC27D/Tricore/_PinMap/IfxDsadc_PinMap.o ./Libraries/iLLD/TC27D/Tricore/_PinMap/IfxEray_PinMap.o ./Libraries/iLLD/TC27D/Tricore/_PinMap/IfxEth_PinMap.o ./Libraries/iLLD/TC27D/Tricore/_PinMap/IfxGpt12_PinMap.o ./Libraries/iLLD/TC27D/Tricore/_PinMap/IfxGtm_PinMap.o ./Libraries/iLLD/TC27D/Tricore/_PinMap/IfxI2c_PinMap.o ./Libraries/iLLD/TC27D/Tricore/_PinMap/IfxMsc_PinMap.o ./Libraries/iLLD/TC27D/Tricore/_PinMap/IfxMultican_PinMap.o ./Libraries/iLLD/TC27D/Tricore/_PinMap/IfxPort_PinMap.o ./Libraries/iLLD/TC27D/Tricore/_PinMap/IfxPsi5_PinMap.o ./Libraries/iLLD/TC27D/Tricore/_PinMap/IfxPsi5s_PinMap.o ./Libraries/iLLD/TC27D/Tricore/_PinMap/IfxQspi_PinMap.o ./Libraries/iLLD/TC27D/Tricore/_PinMap/IfxScu_PinMap.o ./Libraries/iLLD/TC27D/Tricore/_PinMap/IfxSent_PinMap.o ./Libraries/iLLD/TC27D/Tricore/_PinMap/IfxSmu_PinMap.o ./Libraries/iLLD/TC27D/Tricore/_PinMap/IfxVadc_PinMap.o  ./Libraries/iLLD/TC27D/Tricore/_Impl/IfxAsclin_cfg.o ./Libraries/iLLD/TC27D/Tricore/_Impl/IfxCcu6_cfg.o ./Libraries/iLLD/TC27D/Tricore/_Impl/IfxCif_cfg.o ./Libraries/iLLD/TC27D/Tricore/_Impl/IfxCpu_cfg.o ./Libraries/iLLD/TC27D/Tricore/_Impl/IfxDma_cfg.o ./Libraries/iLLD/TC27D/Tricore/_Impl/IfxEmem_cfg.o ./Libraries/iLLD/TC27D/Tricore/_Impl/IfxEray_cfg.o ./Libraries/iLLD/TC27D/Tricore/_Impl/IfxFlash_cfg.o ./Libraries/iLLD/TC27D/Tricore/_Impl/IfxGtm_cfg.o ./Libraries/iLLD/TC27D/Tricore/_Impl/IfxHssl_cfg.o ./Libraries/iLLD/TC27D/Tricore/_Impl/IfxI2c_cfg.o ./Libraries/iLLD/TC27D/Tricore/_Impl/IfxMsc_cfg.o ./Libraries/iLLD/TC27D/Tricore/_Impl/IfxMtu_cfg.o ./Libraries/iLLD/TC27D/Tricore/_Impl/IfxMultican_cfg.o ./Libraries/iLLD/TC27D/Tricore/_Impl/IfxPort_cfg.o ./Libraries/iLLD/TC27D/Tricore/_Impl/IfxPsi5_cfg.o ./Libraries/iLLD/TC27D/Tricore/_Impl/IfxQspi_cfg.o ./Libraries/iLLD/TC27D/Tricore/_Impl/IfxScu_cfg.o ./Libraries/iLLD/TC27D/Tricore/_Impl/IfxSent_cfg.o ./Libraries/iLLD/TC27D/Tricore/_Impl/IfxSmu_cfg.o ./Libraries/iLLD/TC27D/Tricore/_Impl/IfxSrc_cfg.o ./Libraries/iLLD/TC27D/Tricore/_Impl/IfxStm_cfg.o ./Libraries/iLLD/TC27D/Tricore/_Impl/IfxVadc_cfg.o  ./Libraries/iLLD/TC27D/Tricore/Src/Std/IfxSrc.o  ./Libraries/iLLD/TC27D/Tricore/Scu/Std/IfxScuCcu.o ./Libraries/iLLD/TC27D/Tricore/Scu/Std/IfxScuEru.o ./Libraries/iLLD/TC27D/Tricore/Scu/Std/IfxScuWdt.o  ./Libraries/iLLD/TC27D/Tricore/Port/Std/IfxPort.o  ./Libraries/iLLD/TC27D/Tricore/Mtu/Std/IfxMtu.o  ./Libraries/iLLD/TC27D/Tricore/Gtm/Std/IfxGtm.o ./Libraries/iLLD/TC27D/Tricore/Gtm/Std/IfxGtm_Atom.o ./Libraries/iLLD/TC27D/Tricore/Gtm/Std/IfxGtm_Cmu.o ./Libraries/iLLD/TC27D/Tricore/Gtm/Std/IfxGtm_Dpll.o ./Libraries/iLLD/TC27D/Tricore/Gtm/Std/IfxGtm_Tbu.o ./Libraries/iLLD/TC27D/Tricore/Gtm/Std/IfxGtm_Tim.o ./Libraries/iLLD/TC27D/Tricore/Gtm/Std/IfxGtm_Tom.o  ./Libraries/iLLD/TC27D/Tricore/Cpu/Trap/IfxCpu_Trap.o  ./Libraries/iLLD/TC27D/Tricore/Cpu/Std/IfxCpu.o  ./Libraries/iLLD/TC27D/Tricore/Cpu/CStart/IfxCpu_CStart0.o ./Libraries/iLLD/TC27D/Tricore/Cpu/CStart/IfxCpu_CStart1.o ./Libraries/iLLD/TC27D/Tricore/Cpu/CStart/IfxCpu_CStart2.o  ./Libraries/Infra/Platform/Tricore/Compilers/CompilerDcc.o ./Libraries/Infra/Platform/Tricore/Compilers/CompilerGhs.o ./Libraries/Infra/Platform/Tricore/Compilers/CompilerGnuc.o ./Libraries/Infra/Platform/Tricore/Compilers/CompilerTasking.o  ./Configurations/Debug/sync_on_halt.o  ./Cpu0_Main.o ./Cpu1_Main.o ./Cpu2_Main.o ./my_lib.o 
Finished building target: Embedded_SW_Project.elf
 
Invoking: Print Size
TASKING VX-toolset for AURIX Development Studio (non-commercial): ELF size v1.1r8 Build 21111057
elfsize  "Embedded_SW_Project.elf"
Total sizes:
ROM: 0x2edf (11999) = code: 0x2d26 (11558) + romdata: 0x1b9 (441)
RAM: 0x9546 (38214) = data + bss
Finished building: Embedded_SW_Project.siz
 
rm Cpu0_Main.src

16:42:24 Build Finished. 0 errors, 4 warnings. (took 3s.515ms)

